<?xml version="1.0" encoding="UTF-8"?>
<!-- Generated by org.testng.reporters.JUnitReportReporter -->
<testsuite hostname="DESKTOP-SBPSD0C" failures="0" tests="1" name="AlmosaferWebsite.AlmosaferTestCases" time="9.970" errors="0" timestamp="2023-12-16T02:45:33 EET" skipped="0">
  <testcase classname="AlmosaferWebsite.AlmosaferTestCases" name="FlightBookingTest" time="9.970"/>
  <system-out/>
</testsuite> <!-- AlmosaferWebsite.AlmosaferTestCases -->
