<?xml version="1.0" encoding="UTF-8"?>
<!-- Generated by org.testng.reporters.JUnitReportReporter -->
<testsuite hostname="DESKTOP-SBPSD0C" failures="0" tests="5" name="AlmosaferWebsite.AlmosaferTestCases" time="23.919" errors="0" timestamp="2024-01-02T14:41:39 EET" skipped="0">
  <testcase classname="AlmosaferWebsite.AlmosaferTestCases" name="GoToWebsite" time="6.794"/>
  <system-out/>
  <testcase classname="AlmosaferWebsite.AlmosaferTestCases" name="GoToFlightTab" time="0.236"/>
  <system-out/>
  <testcase classname="AlmosaferWebsite.AlmosaferTestCases" name="FillCities" time="5.264"/>
  <system-out/>
  <testcase classname="AlmosaferWebsite.AlmosaferTestCases" name="ChooseDates" time="6.238"/>
  <system-out/>
  <testcase classname="AlmosaferWebsite.AlmosaferTestCases" name="ChooseBusinessClass" time="5.387"/>
  <system-out/>
</testsuite> <!-- AlmosaferWebsite.AlmosaferTestCases -->
