<?xml version="1.0" encoding="UTF-8"?>
<!-- Generated by org.testng.reporters.JUnitReportReporter -->
<testsuite hostname="DESKTOP-SBPSD0C" failures="0" tests="5" name="AlmosaferWebsite.AlmosaferTestCases" time="31.544" errors="0" timestamp="2023-12-22T06:00:41 EET" skipped="0">
  <testcase classname="AlmosaferWebsite.AlmosaferTestCases" name="GoToWibsite" time="8.421"/>
  <system-out/>
  <testcase classname="AlmosaferWebsite.AlmosaferTestCases" name="GoToFlightTab" time="0.922"/>
  <system-out/>
  <testcase classname="AlmosaferWebsite.AlmosaferTestCases" name="FillCities" time="5.274"/>
  <system-out/>
  <testcase classname="AlmosaferWebsite.AlmosaferTestCases" name="ChooseDates" time="6.439"/>
  <system-out/>
  <testcase classname="AlmosaferWebsite.AlmosaferTestCases" name="ChooseBusinessClass" time="10.488"/>
  <system-out/>
</testsuite> <!-- AlmosaferWebsite.AlmosaferTestCases -->
