<?xml version="1.0" encoding="UTF-8"?>
<!-- Generated by org.testng.reporters.JUnitReportReporter -->
<testsuite hostname="DESKTOP-SBPSD0C" failures="0" tests="5" name="AlmosaferWebsite.AlmosaferTestCases" time="23.376" errors="0" timestamp="2023-12-29T19:11:34 EET" skipped="0">
  <testcase classname="AlmosaferWebsite.AlmosaferTestCases" name="GoToWebsite" time="7.080"/>
  <system-out/>
  <testcase classname="AlmosaferWebsite.AlmosaferTestCases" name="GoToFlightTab" time="0.334"/>
  <system-out/>
  <testcase classname="AlmosaferWebsite.AlmosaferTestCases" name="FillCities" time="4.909"/>
  <system-out/>
  <testcase classname="AlmosaferWebsite.AlmosaferTestCases" name="ChooseDates" time="6.244"/>
  <system-out/>
  <testcase classname="AlmosaferWebsite.AlmosaferTestCases" name="ChooseBusinessClass" time="4.809"/>
  <system-out/>
</testsuite> <!-- AlmosaferWebsite.AlmosaferTestCases -->
